
============== System information ====
+ lsb_release -a
No LSB modules are available.
Distributor ID:	LinuxMint
Description:	Linux Mint 17 Qiana
Release:	17
Codename:	qiana
+ uname -a
Linux joel-SVF14215CLB 3.13.0-24-generic #47-Ubuntu SMP Fri May 2 23:30:00 UTC 2014 x86_64 x86_64 x86_64 GNU/Linux
+ sw_vers
./setup.sh: line 21: sw_vers: command not found
+ system_profiler
./setup.sh: line 22: system_profiler: command not found
+ grep MemTotal /proc/meminfo
MemTotal:        5991480 kB
+ echo

+ echo

+ bin/cpanm -v --notest -l extlib/ --installdeps .
cpanm (App::cpanminus) 1.5007 on perl 5.018002 built for x86_64-linux-gnu-thread-multi
Work directory is /home/joel/.cpanm/work/1408854853.10701
You have make /usr/bin/make
You have /usr/bin/wget
You have /bin/tar: tar (GNU tar) 1.27.1
Copyright (C) 2013 Free Software Foundation, Inc.
License GPLv3+: GNU GPL version 3 or later <http://gnu.org/licenses/gpl.html>.
This is free software: you are free to change and redistribute it.
There is NO WARRANTY, to the extent permitted by law.

Written by John Gilmore and Jay Fenlason.
You have /usr/bin/unzip
Checking if you have ExtUtils::MakeMaker 6.31 ... Yes (6.98)
Checking if you have ExtUtils::Install 1.46 ... Yes (1.59)
--> Working on .
Entering /var/www/html/srnalight/JBrowse
Configuring /var/www/html/srnalight/JBrowse ... Running Makefile.PL
Warning: prerequisite GD::Image 0 not found.
Can't parse version 'dev'
Can't parse version 'dev'
Generating a Unix-style Makefile
Writing Makefile for JBrowse
Writing MYMETA.yml and MYMETA.json
OK
Checking dependencies from MYMETA.json ...
Checking if you have DBD::SQLite 0 ... Yes (1.42)
Checking if you have Test::Warn 0 ... Yes (0.30)
Checking if you have Capture::Tiny 0 ... Yes (0.24)
Checking if you have Test::More 0 ... Yes (0.98)
Checking if you have Getopt::Long 0 ... Yes (2.39)
Checking if you have IO::File 0 ... Yes (1.16)
Checking if you have Heap::Simple 0 ... Yes (0.13)
Checking if you have Bio::OntologyIO 0 ... Yes (undef)
Checking if you have File::Path 2 ... Yes (2.09)
Checking if you have Bio::GFF3::LowLevel::Parser 1.4 ... Yes (2.0)
Checking if you have Bio::SeqFeature::Lite 0 ... Yes (undef)
Checking if you have GD::Image 0 ... No
Checking if you have File::Spec 0 ... Yes (3.40)
Checking if you have JSON::XS 0 ... Yes (3.01)
Checking if you have JSON 2 ... Yes (2.90)
Checking if you have Fcntl 0 ... Yes (1.11)
Checking if you have warnings 0 ... Yes (1.18)
Checking if you have POSIX 0 ... Yes (1.32)
Checking if you have DBI 0 ... Yes (1.630)
Checking if you have Hash::Merge 0 ... Yes (0.200)
Checking if you have Storable 0 ... Yes (2.41)
Checking if you have constant 0 ... Yes (1.27)
Checking if you have Cache::Ref::FIFO 0 ... Yes (0.04)
Checking if you have base 0 ... Yes (2.18)
Checking if you have FindBin 0 ... Yes (1.51)
Checking if you have File::Spec::Functions 0 ... Yes (3.40)
Checking if you have Bio::Root::Version 1.006000 ... Yes (1.006923)
Checking if you have File::Basename 0 ... Yes (2.84)
Checking if you have local::lib 0 ... Yes (2.000012)
Checking if you have Bio::FeatureIO 0 ... Yes (undef)
Checking if you have vars 0 ... Yes (1.03)
Checking if you have Pod::Usage 0 ... Yes (1.61)
Checking if you have Exporter 0 ... Yes (5.68)
Checking if you have File::Copy::Recursive 0 ... Yes (0.38)
Checking if you have Bio::Annotation::SimpleValue 0 ... Yes (undef)
Checking if you have Cwd 0 ... Yes (3.40)
Checking if you have Carp 0 ... Yes (1.3301)
Checking if you have Scalar::Util 0 ... Yes (1.27)
Checking if you have Heap::Simple::XS 0 ... Yes (0.10)
Checking if you have File::Temp 0 ... Yes (0.23)
Checking if you have Data::Dumper 0 ... Yes (2.145)
Checking if you have Bio::SeqFeature::Annotated 0 ... Yes (undef)
Checking if you have strict 0 ... Yes (1.07)
Checking if you have PerlIO::gzip 0 ... Yes (0.18)
Checking if you have Devel::Size 0 ... Yes (0.79)
Checking if you have List::Util 0 ... Yes (1.27)
Checking if you have Digest::Crc32 0 ... Yes (0.01)
Checking if you have Bio::Index::Fasta 0 ... Yes (undef)
==> Found dependencies: GD::Image
Searching GD::Image on cpanmetadb ...
--2014-08-23 23:34:15--  http://cpanmetadb.plackperl.org/v1.0/package/GD::Image
Resolving cpanmetadb.plackperl.org (cpanmetadb.plackperl.org)... 23.235.47.192, 199.27.79.192
Connecting to cpanmetadb.plackperl.org (cpanmetadb.plackperl.org)|23.235.47.192|:80... connected.
HTTP request sent, awaiting response... 200 OK
Length: 52 [text/x-yaml]
Saving to: ‘STDOUT’

     0K                                                       100% 1.37M=0s

2014-08-23 23:34:16 (1.37 MB/s) - written to stdout [52/52]

--> Working on GD::Image
Fetching http://search.cpan.org/CPAN/authors/id/L/LD/LDS/GD-2.53.tar.gz ... --2014-08-23 23:34:16--  http://search.cpan.org/CPAN/authors/id/L/LD/LDS/GD-2.53.tar.gz
Resolving search.cpan.org (search.cpan.org)... 199.15.177.149
Connecting to search.cpan.org (search.cpan.org)|199.15.177.149|:80... connected.
HTTP request sent, awaiting response... 302 Found
Location: http://www.cpan.org/authors/id/L/LD/LDS/GD-2.53.tar.gz [following]
--2014-08-23 23:34:16--  http://www.cpan.org/authors/id/L/LD/LDS/GD-2.53.tar.gz
Resolving www.cpan.org (www.cpan.org)... 207.171.7.91, 2607:f238:3::91:1
Connecting to www.cpan.org (www.cpan.org)|207.171.7.91|:80... connected.
HTTP request sent, awaiting response... 200 OK
Length: 328980 (321K) [application/x-gzip]
Saving to: ‘GD-2.53.tar.gz’

     0K .......... .......... .......... .......... .......... 15%  207K 1s
    50K .......... .......... .......... .......... .......... 31%  208K 1s
   100K .......... .......... .......... .......... .......... 46%  217K 1s
   150K .......... .......... .......... .......... .......... 62% 61.4K 1s
   200K .......... .......... .......... .......... .......... 77%  151M 0s
   250K .......... .......... .......... .......... .......... 93%  154M 0s
   300K .......... .......... .                               100%  129M=1.5s

2014-08-23 23:34:19 (210 KB/s) - ‘GD-2.53.tar.gz’ saved [328980/328980]

OK
Unpacking GD-2.53.tar.gz
GD-2.53/
GD-2.53/README.unix
GD-2.53/Makefile.PL
GD-2.53/LICENSE
GD-2.53/GD/
GD-2.53/GD/Simple.pm
GD-2.53/GD/Polyline.pm
GD-2.53/GD/Image.pm
GD-2.53/GD/Image.pm.PLS
GD-2.53/GD/Polygon.pm
GD-2.53/GD/Group.pm
GD-2.53/META.yml
GD-2.53/t/
GD-2.53/t/tile.jpeg
GD-2.53/t/test.out.3.png-2
GD-2.53/t/test.out.4.png-1
GD-2.53/t/test.out.3.png
GD-2.53/t/test.out.6.png-2
GD-2.53/t/test.out.4.jpeg-1
GD-2.53/t/test.out.10.png-1
GD-2.53/t/test.out.4.png-3
GD-2.53/t/test.out.7.jpeg-1
GD-2.53/t/test.out.3.gif
GD-2.53/t/test.out.10.png
GD-2.53/t/test.out.3.jpeg-1
GD-2.53/t/test.out.9.png-2
GD-2.53/t/test.out.8.jpeg
GD-2.53/t/test.out.7.png-2
GD-2.53/t/GD.t
GD-2.53/t/Generic.ttf
GD-2.53/t/test.out.8.png-2
GD-2.53/t/test.out.6.gif
GD-2.53/t/test.out.8.jpeg-1
GD-2.53/t/test.out.5.png-1
GD-2.53/t/test.out.4.jpeg
GD-2.53/t/test.out.10.png-2
GD-2.53/t/test.out.6.png-1
GD-2.53/t/test.out.9.gif
GD-2.53/t/test.out.9.png-3
GD-2.53/t/test.out.8.png
GD-2.53/t/test.out.6.jpeg-1
GD-2.53/t/frog.jpg
GD-2.53/t/test.out.1.png
GD-2.53/t/test.out.5.png-2
GD-2.53/t/tile.png
GD-2.53/t/test.out.8.png-6
GD-2.53/t/test.out.8.png-5
GD-2.53/t/test.out.10.png-4
GD-2.53/t/test.out.2.gif
GD-2.53/t/test.out.2.png
GD-2.53/t/tile.gif
GD-2.53/t/test.out.9.png
GD-2.53/t/test.out.10.png-3
GD-2.53/t/test.out.2.png-1
GD-2.53/t/test.out.7.png-1
GD-2.53/t/test.out.10.jpeg
GD-2.53/t/test.out.5.jpeg
GD-2.53/t/test.out.3.png-1
GD-2.53/t/test.out.10.gif
GD-2.53/t/test.out.8.gif
GD-2.53/t/test.out.9.jpeg-1
GD-2.53/t/test.out.8.png-7
GD-2.53/t/test.out.8.png-3
GD-2.53/t/frog.xpm
GD-2.53/t/test.out.9.jpeg
GD-2.53/t/test.out.7.gif
GD-2.53/t/test.out.5.png
GD-2.53/t/test.out.7.png
GD-2.53/t/test.out.6.jpeg
GD-2.53/t/test.out.2.png-3
GD-2.53/t/test.out.8.png-4
GD-2.53/t/test.out.5.gif
GD-2.53/t/test.out.4.gif
GD-2.53/t/test.out.3.jpeg
GD-2.53/t/test.out.9.png-1
GD-2.53/t/palettemap.png
GD-2.53/t/test.out.4.png
GD-2.53/t/test.out.2.jpeg-1
GD-2.53/t/Polyline.t
GD-2.53/t/test.out.7.jpeg
GD-2.53/t/test.out.5.jpeg-1
GD-2.53/t/test.out.2.png-2
GD-2.53/t/test.out.6.png
GD-2.53/t/test.out.8.png-1
GD-2.53/t/test.out.10.jpeg-1
GD-2.53/t/test.out.2.jpeg
GD-2.53/t/test.out.4.png-2
GD-2.53/MANIFEST
GD-2.53/META.json
GD-2.53/typemap
GD-2.53/ChangeLog
GD-2.53/qd.pl
GD-2.53/GD.xs
GD-2.53/GD.pm
GD-2.53/README.QUICKDRAW
GD-2.53/README
GD-2.53/bdf_scripts/
GD-2.53/bdf_scripts/bdftogd
GD-2.53/bdf_scripts/cvtbdf.pl
GD-2.53/bdf_scripts/bdf2gdfont.PLS
GD-2.53/bdf_scripts/README
GD-2.53/demos/
GD-2.53/demos/copies.pl
GD-2.53/demos/transform.pl
GD-2.53/demos/gd_example.cgi
GD-2.53/demos/draw_colors.pl
GD-2.53/demos/tile.png
GD-2.53/demos/polyline.pl
GD-2.53/demos/polys.pl
GD-2.53/demos/shapes.pl
GD-2.53/demos/brushes.pl
GD-2.53/demos/fonttest
GD-2.53/demos/ttf.pl
GD-2.53/demos/truetype_test
GD-2.53/demos/font_list.png
GD-2.53/demos/fills.pl
Entering GD-2.53
Checking configure dependencies from META.yml
Configuring GD-2.53 ... Running Makefile.PL
Notice: Type perl Makefile.PL -h for command-line option summary.

**UNRECOVERABLE ERROR**
Could not find gdlib-config in the search path. Please install libgd 2.0.28 or higher.
If you want to try to compile anyway, please rerun this script with the option --ignore_missing_gd.
N/A
! Configure failed for GD-2.53. See /home/joel/.cpanm/build.log for details.
! Bailing out the installation for JBrowse-. Retry with --prompt or --force.
+ bin/cpanm -v --notest -l extlib/ --installdeps .
cpanm (App::cpanminus) 1.5007 on perl 5.018002 built for x86_64-linux-gnu-thread-multi
Work directory is /home/joel/.cpanm/work/1408854859.10718
You have make /usr/bin/make
You have /usr/bin/wget
You have /bin/tar: tar (GNU tar) 1.27.1
Copyright (C) 2013 Free Software Foundation, Inc.
License GPLv3+: GNU GPL version 3 or later <http://gnu.org/licenses/gpl.html>.
This is free software: you are free to change and redistribute it.
There is NO WARRANTY, to the extent permitted by law.

Written by John Gilmore and Jay Fenlason.
You have /usr/bin/unzip
Checking if you have ExtUtils::MakeMaker 6.31 ... Yes (6.98)
Checking if you have ExtUtils::Install 1.46 ... Yes (1.59)
--> Working on .
Entering /var/www/html/srnalight/JBrowse
Configuring /var/www/html/srnalight/JBrowse ... Running Makefile.PL
Warning: prerequisite GD::Image 0 not found.
Can't parse version 'dev'
Can't parse version 'dev'
Generating a Unix-style Makefile
Writing Makefile for JBrowse
Writing MYMETA.yml and MYMETA.json
OK
Checking dependencies from MYMETA.json ...
Checking if you have Capture::Tiny 0 ... Yes (0.24)
Checking if you have Test::Warn 0 ... Yes (0.30)
Checking if you have DBD::SQLite 0 ... Yes (1.42)
Checking if you have Test::More 0 ... Yes (0.98)
Checking if you have Heap::Simple 0 ... Yes (0.13)
Checking if you have local::lib 0 ... Yes (2.000012)
Checking if you have List::Util 0 ... Yes (1.27)
Checking if you have Bio::SeqFeature::Lite 0 ... Yes (undef)
Checking if you have Bio::FeatureIO 0 ... Yes (undef)
Checking if you have PerlIO::gzip 0 ... Yes (0.18)
Checking if you have Devel::Size 0 ... Yes (0.79)
Checking if you have File::Path 2 ... Yes (2.09)
Checking if you have Bio::GFF3::LowLevel::Parser 1.4 ... Yes (2.0)
Checking if you have File::Basename 0 ... Yes (2.84)
Checking if you have Carp 0 ... Yes (1.3301)
Checking if you have Bio::Annotation::SimpleValue 0 ... Yes (undef)
Checking if you have Bio::OntologyIO 0 ... Yes (undef)
Checking if you have Bio::Root::Version 1.006000 ... Yes (1.006923)
Checking if you have Digest::Crc32 0 ... Yes (0.01)
Checking if you have Bio::Index::Fasta 0 ... Yes (undef)
Checking if you have Fcntl 0 ... Yes (1.11)
Checking if you have FindBin 0 ... Yes (1.51)
Checking if you have File::Spec::Functions 0 ... Yes (3.40)
Checking if you have Cwd 0 ... Yes (3.40)
Checking if you have Exporter 0 ... Yes (5.68)
Checking if you have Getopt::Long 0 ... Yes (2.39)
Checking if you have Scalar::Util 0 ... Yes (1.27)
Checking if you have strict 0 ... Yes (1.07)
Checking if you have IO::File 0 ... Yes (1.16)
Checking if you have POSIX 0 ... Yes (1.32)
Checking if you have Heap::Simple::XS 0 ... Yes (0.10)
Checking if you have constant 0 ... Yes (1.27)
Checking if you have Storable 0 ... Yes (2.41)
Checking if you have JSON 2 ... Yes (2.90)
Checking if you have base 0 ... Yes (2.18)
Checking if you have Data::Dumper 0 ... Yes (2.145)
Checking if you have GD::Image 0 ... No
Checking if you have File::Copy::Recursive 0 ... Yes (0.38)
Checking if you have Bio::SeqFeature::Annotated 0 ... Yes (undef)
Checking if you have Hash::Merge 0 ... Yes (0.200)
Checking if you have Cache::Ref::FIFO 0 ... Yes (0.04)
Checking if you have File::Temp 0 ... Yes (0.23)
Checking if you have JSON::XS 0 ... Yes (3.01)
Checking if you have File::Spec 0 ... Yes (3.40)
Checking if you have warnings 0 ... Yes (1.18)
Checking if you have DBI 0 ... Yes (1.630)
Checking if you have vars 0 ... Yes (1.03)
Checking if you have Pod::Usage 0 ... Yes (1.61)
==> Found dependencies: GD::Image
Searching GD::Image on cpanmetadb ...
--2014-08-23 23:34:19--  http://cpanmetadb.plackperl.org/v1.0/package/GD::Image
Resolving cpanmetadb.plackperl.org (cpanmetadb.plackperl.org)... 23.235.47.192, 199.27.79.192
Connecting to cpanmetadb.plackperl.org (cpanmetadb.plackperl.org)|23.235.47.192|:80... connected.
HTTP request sent, awaiting response... 200 OK
Length: 52 [text/x-yaml]
Saving to: ‘STDOUT’

     0K                                                       100% 3.09M=0s

2014-08-23 23:34:20 (3.09 MB/s) - written to stdout [52/52]

--> Working on GD::Image
Fetching http://search.cpan.org/CPAN/authors/id/L/LD/LDS/GD-2.53.tar.gz ... --2014-08-23 23:34:20--  http://search.cpan.org/CPAN/authors/id/L/LD/LDS/GD-2.53.tar.gz
Resolving search.cpan.org (search.cpan.org)... 199.15.177.149
Connecting to search.cpan.org (search.cpan.org)|199.15.177.149|:80... connected.
HTTP request sent, awaiting response... 302 Found
Location: http://www.cpan.org/authors/id/L/LD/LDS/GD-2.53.tar.gz [following]
--2014-08-23 23:34:20--  http://www.cpan.org/authors/id/L/LD/LDS/GD-2.53.tar.gz
Resolving www.cpan.org (www.cpan.org)... 207.171.7.91, 2607:f238:3::91:1
Connecting to www.cpan.org (www.cpan.org)|207.171.7.91|:80... connected.
HTTP request sent, awaiting response... 200 OK
Length: 328980 (321K) [application/x-gzip]
Saving to: ‘GD-2.53.tar.gz’

     0K .......... .......... .......... .......... .......... 15%  204K 1s
    50K .......... .......... .......... .......... .......... 31%  210K 1s
   100K .......... .......... .......... .......... .......... 46%  215K 1s
   150K .......... .......... .......... .......... .......... 62% 34.3K 1s
   200K .......... .......... .......... .......... .......... 77% 91.6M 1s
   250K .......... .......... .......... .......... .......... 93%  110M 0s
   300K .......... .......... .                               100% 88.4M=2.2s

2014-08-23 23:34:22 (148 KB/s) - ‘GD-2.53.tar.gz’ saved [328980/328980]

OK
Unpacking GD-2.53.tar.gz
GD-2.53/
GD-2.53/README.unix
GD-2.53/Makefile.PL
GD-2.53/LICENSE
GD-2.53/GD/
GD-2.53/GD/Simple.pm
GD-2.53/GD/Polyline.pm
GD-2.53/GD/Image.pm
GD-2.53/GD/Image.pm.PLS
GD-2.53/GD/Polygon.pm
GD-2.53/GD/Group.pm
GD-2.53/META.yml
GD-2.53/t/
GD-2.53/t/tile.jpeg
GD-2.53/t/test.out.3.png-2
GD-2.53/t/test.out.4.png-1
GD-2.53/t/test.out.3.png
GD-2.53/t/test.out.6.png-2
GD-2.53/t/test.out.4.jpeg-1
GD-2.53/t/test.out.10.png-1
GD-2.53/t/test.out.4.png-3
GD-2.53/t/test.out.7.jpeg-1
GD-2.53/t/test.out.3.gif
GD-2.53/t/test.out.10.png
GD-2.53/t/test.out.3.jpeg-1
GD-2.53/t/test.out.9.png-2
GD-2.53/t/test.out.8.jpeg
GD-2.53/t/test.out.7.png-2
GD-2.53/t/GD.t
GD-2.53/t/Generic.ttf
GD-2.53/t/test.out.8.png-2
GD-2.53/t/test.out.6.gif
GD-2.53/t/test.out.8.jpeg-1
GD-2.53/t/test.out.5.png-1
GD-2.53/t/test.out.4.jpeg
GD-2.53/t/test.out.10.png-2
GD-2.53/t/test.out.6.png-1
GD-2.53/t/test.out.9.gif
GD-2.53/t/test.out.9.png-3
GD-2.53/t/test.out.8.png
GD-2.53/t/test.out.6.jpeg-1
GD-2.53/t/frog.jpg
GD-2.53/t/test.out.1.png
GD-2.53/t/test.out.5.png-2
GD-2.53/t/tile.png
GD-2.53/t/test.out.8.png-6
GD-2.53/t/test.out.8.png-5
GD-2.53/t/test.out.10.png-4
GD-2.53/t/test.out.2.gif
GD-2.53/t/test.out.2.png
GD-2.53/t/tile.gif
GD-2.53/t/test.out.9.png
GD-2.53/t/test.out.10.png-3
GD-2.53/t/test.out.2.png-1
GD-2.53/t/test.out.7.png-1
GD-2.53/t/test.out.10.jpeg
GD-2.53/t/test.out.5.jpeg
GD-2.53/t/test.out.3.png-1
GD-2.53/t/test.out.10.gif
GD-2.53/t/test.out.8.gif
GD-2.53/t/test.out.9.jpeg-1
GD-2.53/t/test.out.8.png-7
GD-2.53/t/test.out.8.png-3
GD-2.53/t/frog.xpm
GD-2.53/t/test.out.9.jpeg
GD-2.53/t/test.out.7.gif
GD-2.53/t/test.out.5.png
GD-2.53/t/test.out.7.png
GD-2.53/t/test.out.6.jpeg
GD-2.53/t/test.out.2.png-3
GD-2.53/t/test.out.8.png-4
GD-2.53/t/test.out.5.gif
GD-2.53/t/test.out.4.gif
GD-2.53/t/test.out.3.jpeg
GD-2.53/t/test.out.9.png-1
GD-2.53/t/palettemap.png
GD-2.53/t/test.out.4.png
GD-2.53/t/test.out.2.jpeg-1
GD-2.53/t/Polyline.t
GD-2.53/t/test.out.7.jpeg
GD-2.53/t/test.out.5.jpeg-1
GD-2.53/t/test.out.2.png-2
GD-2.53/t/test.out.6.png
GD-2.53/t/test.out.8.png-1
GD-2.53/t/test.out.10.jpeg-1
GD-2.53/t/test.out.2.jpeg
GD-2.53/t/test.out.4.png-2
GD-2.53/MANIFEST
GD-2.53/META.json
GD-2.53/typemap
GD-2.53/ChangeLog
GD-2.53/qd.pl
GD-2.53/GD.xs
GD-2.53/GD.pm
GD-2.53/README.QUICKDRAW
GD-2.53/README
GD-2.53/bdf_scripts/
GD-2.53/bdf_scripts/bdftogd
GD-2.53/bdf_scripts/cvtbdf.pl
GD-2.53/bdf_scripts/bdf2gdfont.PLS
GD-2.53/bdf_scripts/README
GD-2.53/demos/
GD-2.53/demos/copies.pl
GD-2.53/demos/transform.pl
GD-2.53/demos/gd_example.cgi
GD-2.53/demos/draw_colors.pl
GD-2.53/demos/tile.png
GD-2.53/demos/polyline.pl
GD-2.53/demos/polys.pl
GD-2.53/demos/shapes.pl
GD-2.53/demos/brushes.pl
GD-2.53/demos/fonttest
GD-2.53/demos/ttf.pl
GD-2.53/demos/truetype_test
GD-2.53/demos/font_list.png
GD-2.53/demos/fills.pl
Entering GD-2.53
Checking configure dependencies from META.yml
Configuring GD-2.53 ... Running Makefile.PL
Notice: Type perl Makefile.PL -h for command-line option summary.

**UNRECOVERABLE ERROR**
Could not find gdlib-config in the search path. Please install libgd 2.0.28 or higher.
If you want to try to compile anyway, please rerun this script with the option --ignore_missing_gd.
N/A
! Configure failed for GD-2.53. See /home/joel/.cpanm/build.log for details.
! Bailing out the installation for JBrowse-. Retry with --prompt or --force.
+ set -e
+ bin/cpanm -v --notest -l extlib/ --installdeps .
cpanm (App::cpanminus) 1.5007 on perl 5.018002 built for x86_64-linux-gnu-thread-multi
Work directory is /home/joel/.cpanm/work/1408854863.10735
You have make /usr/bin/make
You have /usr/bin/wget
You have /bin/tar: tar (GNU tar) 1.27.1
Copyright (C) 2013 Free Software Foundation, Inc.
License GPLv3+: GNU GPL version 3 or later <http://gnu.org/licenses/gpl.html>.
This is free software: you are free to change and redistribute it.
There is NO WARRANTY, to the extent permitted by law.

Written by John Gilmore and Jay Fenlason.
You have /usr/bin/unzip
Checking if you have ExtUtils::MakeMaker 6.31 ... Yes (6.98)
Checking if you have ExtUtils::Install 1.46 ... Yes (1.59)
--> Working on .
Entering /var/www/html/srnalight/JBrowse
Configuring /var/www/html/srnalight/JBrowse ... Running Makefile.PL
Warning: prerequisite GD::Image 0 not found.
Can't parse version 'dev'
Can't parse version 'dev'
Generating a Unix-style Makefile
Writing Makefile for JBrowse
Writing MYMETA.yml and MYMETA.json
OK
Checking dependencies from MYMETA.json ...
Checking if you have Test::More 0 ... Yes (0.98)
Checking if you have DBD::SQLite 0 ... Yes (1.42)
Checking if you have Capture::Tiny 0 ... Yes (0.24)
Checking if you have Test::Warn 0 ... Yes (0.30)
Checking if you have Cache::Ref::FIFO 0 ... Yes (0.04)
Checking if you have Scalar::Util 0 ... Yes (1.27)
Checking if you have Pod::Usage 0 ... Yes (1.61)
Checking if you have Bio::Root::Version 1.006000 ... Yes (1.006923)
Checking if you have GD::Image 0 ... No
Checking if you have File::Temp 0 ... Yes (0.23)
Checking if you have JSON::XS 0 ... Yes (3.01)
Checking if you have List::Util 0 ... Yes (1.27)
Checking if you have JSON 2 ... Yes (2.90)
Checking if you have Bio::SeqFeature::Annotated 0 ... Yes (undef)
Checking if you have Bio::FeatureIO 0 ... Yes (undef)
Checking if you have constant 0 ... Yes (1.27)
Checking if you have Devel::Size 0 ... Yes (0.79)
Checking if you have File::Spec::Functions 0 ... Yes (3.40)
Checking if you have DBI 0 ... Yes (1.630)
Checking if you have Bio::Annotation::SimpleValue 0 ... Yes (undef)
Checking if you have warnings 0 ... Yes (1.18)
Checking if you have Heap::Simple::XS 0 ... Yes (0.10)
Checking if you have Bio::GFF3::LowLevel::Parser 1.4 ... Yes (2.0)
Checking if you have File::Basename 0 ... Yes (2.84)
Checking if you have Digest::Crc32 0 ... Yes (0.01)
Checking if you have Hash::Merge 0 ... Yes (0.200)
Checking if you have Getopt::Long 0 ... Yes (2.39)
Checking if you have Bio::Index::Fasta 0 ... Yes (undef)
Checking if you have File::Copy::Recursive 0 ... Yes (0.38)
Checking if you have Exporter 0 ... Yes (5.68)
Checking if you have Bio::SeqFeature::Lite 0 ... Yes (undef)
Checking if you have Fcntl 0 ... Yes (1.11)
Checking if you have Carp 0 ... Yes (1.3301)
Checking if you have Heap::Simple 0 ... Yes (0.13)
Checking if you have vars 0 ... Yes (1.03)
Checking if you have FindBin 0 ... Yes (1.51)
Checking if you have File::Path 2 ... Yes (2.09)
Checking if you have IO::File 0 ... Yes (1.16)
Checking if you have Bio::OntologyIO 0 ... Yes (undef)
Checking if you have POSIX 0 ... Yes (1.32)
Checking if you have base 0 ... Yes (2.18)
Checking if you have Storable 0 ... Yes (2.41)
Checking if you have strict 0 ... Yes (1.07)
Checking if you have Cwd 0 ... Yes (3.40)
Checking if you have PerlIO::gzip 0 ... Yes (0.18)
Checking if you have File::Spec 0 ... Yes (3.40)
Checking if you have local::lib 0 ... Yes (2.000012)
Checking if you have Data::Dumper 0 ... Yes (2.145)
==> Found dependencies: GD::Image
Searching GD::Image on cpanmetadb ...
--2014-08-23 23:34:23--  http://cpanmetadb.plackperl.org/v1.0/package/GD::Image
Resolving cpanmetadb.plackperl.org (cpanmetadb.plackperl.org)... 23.235.47.192, 199.27.79.192
Connecting to cpanmetadb.plackperl.org (cpanmetadb.plackperl.org)|23.235.47.192|:80... connected.
HTTP request sent, awaiting response... 200 OK
Length: 52 [text/x-yaml]
Saving to: ‘STDOUT’

     0K                                                       100% 3.37M=0s

2014-08-23 23:34:23 (3.37 MB/s) - written to stdout [52/52]

--> Working on GD::Image
Fetching http://search.cpan.org/CPAN/authors/id/L/LD/LDS/GD-2.53.tar.gz ... --2014-08-23 23:34:23--  http://search.cpan.org/CPAN/authors/id/L/LD/LDS/GD-2.53.tar.gz
Resolving search.cpan.org (search.cpan.org)... 199.15.177.149
Connecting to search.cpan.org (search.cpan.org)|199.15.177.149|:80... connected.
HTTP request sent, awaiting response... 302 Found
Location: http://www.cpan.org/authors/id/L/LD/LDS/GD-2.53.tar.gz [following]
--2014-08-23 23:34:23--  http://www.cpan.org/authors/id/L/LD/LDS/GD-2.53.tar.gz
Resolving www.cpan.org (www.cpan.org)... 207.171.7.91, 2607:f238:3::91:1
Connecting to www.cpan.org (www.cpan.org)|207.171.7.91|:80... connected.
HTTP request sent, awaiting response... 200 OK
Length: 328980 (321K) [application/x-gzip]
Saving to: ‘GD-2.53.tar.gz’

     0K .......... .......... .......... .......... .......... 15%  203K 1s
    50K .......... .......... .......... .......... .......... 31%  214K 1s
   100K .......... .......... .......... .......... .......... 46%  215K 1s
   150K .......... .......... .......... .......... .......... 62% 62.5K 1s
   200K .......... .......... .......... .......... .......... 77% 62.4M 0s
   250K .......... .......... .......... .......... .......... 93% 66.8M 0s
   300K .......... .......... .                               100% 5.46M=1.5s

2014-08-23 23:34:25 (212 KB/s) - ‘GD-2.53.tar.gz’ saved [328980/328980]

OK
Unpacking GD-2.53.tar.gz
GD-2.53/
GD-2.53/README.unix
GD-2.53/Makefile.PL
GD-2.53/LICENSE
GD-2.53/GD/
GD-2.53/GD/Simple.pm
GD-2.53/GD/Polyline.pm
GD-2.53/GD/Image.pm
GD-2.53/GD/Image.pm.PLS
GD-2.53/GD/Polygon.pm
GD-2.53/GD/Group.pm
GD-2.53/META.yml
GD-2.53/t/
GD-2.53/t/tile.jpeg
GD-2.53/t/test.out.3.png-2
GD-2.53/t/test.out.4.png-1
GD-2.53/t/test.out.3.png
GD-2.53/t/test.out.6.png-2
GD-2.53/t/test.out.4.jpeg-1
GD-2.53/t/test.out.10.png-1
GD-2.53/t/test.out.4.png-3
GD-2.53/t/test.out.7.jpeg-1
GD-2.53/t/test.out.3.gif
GD-2.53/t/test.out.10.png
GD-2.53/t/test.out.3.jpeg-1
GD-2.53/t/test.out.9.png-2
GD-2.53/t/test.out.8.jpeg
GD-2.53/t/test.out.7.png-2
GD-2.53/t/GD.t
GD-2.53/t/Generic.ttf
GD-2.53/t/test.out.8.png-2
GD-2.53/t/test.out.6.gif
GD-2.53/t/test.out.8.jpeg-1
GD-2.53/t/test.out.5.png-1
GD-2.53/t/test.out.4.jpeg
GD-2.53/t/test.out.10.png-2
GD-2.53/t/test.out.6.png-1
GD-2.53/t/test.out.9.gif
GD-2.53/t/test.out.9.png-3
GD-2.53/t/test.out.8.png
GD-2.53/t/test.out.6.jpeg-1
GD-2.53/t/frog.jpg
GD-2.53/t/test.out.1.png
GD-2.53/t/test.out.5.png-2
GD-2.53/t/tile.png
GD-2.53/t/test.out.8.png-6
GD-2.53/t/test.out.8.png-5
GD-2.53/t/test.out.10.png-4
GD-2.53/t/test.out.2.gif
GD-2.53/t/test.out.2.png
GD-2.53/t/tile.gif
GD-2.53/t/test.out.9.png
GD-2.53/t/test.out.10.png-3
GD-2.53/t/test.out.2.png-1
GD-2.53/t/test.out.7.png-1
GD-2.53/t/test.out.10.jpeg
GD-2.53/t/test.out.5.jpeg
GD-2.53/t/test.out.3.png-1
GD-2.53/t/test.out.10.gif
GD-2.53/t/test.out.8.gif
GD-2.53/t/test.out.9.jpeg-1
GD-2.53/t/test.out.8.png-7
GD-2.53/t/test.out.8.png-3
GD-2.53/t/frog.xpm
GD-2.53/t/test.out.9.jpeg
GD-2.53/t/test.out.7.gif
GD-2.53/t/test.out.5.png
GD-2.53/t/test.out.7.png
GD-2.53/t/test.out.6.jpeg
GD-2.53/t/test.out.2.png-3
GD-2.53/t/test.out.8.png-4
GD-2.53/t/test.out.5.gif
GD-2.53/t/test.out.4.gif
GD-2.53/t/test.out.3.jpeg
GD-2.53/t/test.out.9.png-1
GD-2.53/t/palettemap.png
GD-2.53/t/test.out.4.png
GD-2.53/t/test.out.2.jpeg-1
GD-2.53/t/Polyline.t
GD-2.53/t/test.out.7.jpeg
GD-2.53/t/test.out.5.jpeg-1
GD-2.53/t/test.out.2.png-2
GD-2.53/t/test.out.6.png
GD-2.53/t/test.out.8.png-1
GD-2.53/t/test.out.10.jpeg-1
GD-2.53/t/test.out.2.jpeg
GD-2.53/t/test.out.4.png-2
GD-2.53/MANIFEST
GD-2.53/META.json
GD-2.53/typemap
GD-2.53/ChangeLog
GD-2.53/qd.pl
GD-2.53/GD.xs
GD-2.53/GD.pm
GD-2.53/README.QUICKDRAW
GD-2.53/README
GD-2.53/bdf_scripts/
GD-2.53/bdf_scripts/bdftogd
GD-2.53/bdf_scripts/cvtbdf.pl
GD-2.53/bdf_scripts/bdf2gdfont.PLS
GD-2.53/bdf_scripts/README
GD-2.53/demos/
GD-2.53/demos/copies.pl
GD-2.53/demos/transform.pl
GD-2.53/demos/gd_example.cgi
GD-2.53/demos/draw_colors.pl
GD-2.53/demos/tile.png
GD-2.53/demos/polyline.pl
GD-2.53/demos/polys.pl
GD-2.53/demos/shapes.pl
GD-2.53/demos/brushes.pl
GD-2.53/demos/fonttest
GD-2.53/demos/ttf.pl
GD-2.53/demos/truetype_test
GD-2.53/demos/font_list.png
GD-2.53/demos/fills.pl
Entering GD-2.53
Checking configure dependencies from META.yml
Configuring GD-2.53 ... Running Makefile.PL
Notice: Type perl Makefile.PL -h for command-line option summary.

**UNRECOVERABLE ERROR**
Could not find gdlib-config in the search path. Please install libgd 2.0.28 or higher.
If you want to try to compile anyway, please rerun this script with the option --ignore_missing_gd.
N/A
! Configure failed for GD-2.53. See /home/joel/.cpanm/build.log for details.
! Bailing out the installation for JBrowse-. Retry with --prompt or --force.
+ rm -rf sample_data/json/volvox
+ bin/prepare-refseqs.pl --fasta docs/tutorial/data_files/volvox.fa --out sample_data/json/volvox
Perl API version v5.14.0 of PerlIO::gzip does not match v5.18.0 at /usr/share/perl/5.18/XSLoader.pm line 92.
Compilation failed in require at /var/www/html/srnalight/JBrowse/bin/../src/perl5/JsonFileStorage.pm line 31.
BEGIN failed--compilation aborted at /var/www/html/srnalight/JBrowse/bin/../src/perl5/JsonFileStorage.pm line 31.
Compilation failed in require at /var/www/html/srnalight/JBrowse/bin/../src/perl5/Bio/JBrowse/Cmd/FormatSequences.pm line 22.
BEGIN failed--compilation aborted at /var/www/html/srnalight/JBrowse/bin/../src/perl5/Bio/JBrowse/Cmd/FormatSequences.pm line 22.
Compilation failed in require at bin/prepare-refseqs.pl line 7.
BEGIN failed--compilation aborted at bin/prepare-refseqs.pl line 7.
+ rm -rf sample_data/json/yeast/
+ bin/prepare-refseqs.pl --fasta sample_data/raw/yeast_scaffolds/chr1.fa.gz --fasta sample_data/raw/yeast_scaffolds/chr2.fa.gzip --out sample_data/json/yeast/
Perl API version v5.14.0 of PerlIO::gzip does not match v5.18.0 at /usr/share/perl/5.18/XSLoader.pm line 92.
Compilation failed in require at /var/www/html/srnalight/JBrowse/bin/../src/perl5/JsonFileStorage.pm line 31.
BEGIN failed--compilation aborted at /var/www/html/srnalight/JBrowse/bin/../src/perl5/JsonFileStorage.pm line 31.
Compilation failed in require at /var/www/html/srnalight/JBrowse/bin/../src/perl5/Bio/JBrowse/Cmd/FormatSequences.pm line 22.
BEGIN failed--compilation aborted at /var/www/html/srnalight/JBrowse/bin/../src/perl5/Bio/JBrowse/Cmd/FormatSequences.pm line 22.
Compilation failed in require at bin/prepare-refseqs.pl line 7.
BEGIN failed--compilation aborted at bin/prepare-refseqs.pl line 7.
+ bin/wig-to-json.pl --key 'Image - volvox_microarray.wig' --wig docs/tutorial/data_files/volvox_microarray.wig --out sample_data/json/volvox
Perl API version v5.14.0 of PerlIO::gzip does not match v5.18.0 at /usr/share/perl/5.18/XSLoader.pm line 92.
Compilation failed in require at /var/www/html/srnalight/JBrowse/bin/../src/perl5/JsonFileStorage.pm line 31.
BEGIN failed--compilation aborted at /var/www/html/srnalight/JBrowse/bin/../src/perl5/JsonFileStorage.pm line 31.
Compilation failed in require at /var/www/html/srnalight/JBrowse/bin/../src/perl5/GenomeDB.pm line 39.
BEGIN failed--compilation aborted at /var/www/html/srnalight/JBrowse/bin/../src/perl5/GenomeDB.pm line 39.
Compilation failed in require at bin/wig-to-json.pl line 96.
BEGIN failed--compilation aborted at bin/wig-to-json.pl line 96.
Perl API version v5.14.0 of Bio::DB::Sam does not match v5.18.0 at /usr/lib/perl/5.18/DynaLoader.pm line 207.
Compilation failed in require.
BEGIN failed--compilation aborted.
+ '[' '!' -e samtools-master ']'
+ make -C samtools-master -j3 lib
make: Entering directory `/var/www/html/srnalight/JBrowse/samtools-master'
gcc -c -fPIC -g -Wall  -O2 -D_FILE_OFFSET_BITS=64 -D_LARGEFILE64_SOURCE -D_USE_KNETFILE -D_CURSES_LIB=1 -I. bam.c -o bam.o
gcc -c -fPIC -g -Wall  -O2 -D_FILE_OFFSET_BITS=64 -D_LARGEFILE64_SOURCE -D_USE_KNETFILE -D_CURSES_LIB=1 -I. bam_import.c -o bam_import.o
gcc -c -fPIC -g -Wall  -O2 -D_FILE_OFFSET_BITS=64 -D_LARGEFILE64_SOURCE -D_USE_KNETFILE -D_CURSES_LIB=1 -I. sam.c -o sam.o
gcc -c -fPIC -g -Wall  -O2 -D_FILE_OFFSET_BITS=64 -D_LARGEFILE64_SOURCE -D_USE_KNETFILE -D_CURSES_LIB=1 -I. bam_index.c -o bam_index.o
bam_index.c: In function ‘bam_index_load_core’:
bam_index.c:348:7: warning: ignoring return value of ‘fread’, declared with attribute warn_unused_result [-Wunused-result]
  fread(magic, 1, 4, fp);
       ^
bam_index.c:355:7: warning: ignoring return value of ‘fread’, declared with attribute warn_unused_result [-Wunused-result]
  fread(&idx->n, 4, 1, fp);
       ^
bam_index.c:368:8: warning: ignoring return value of ‘fread’, declared with attribute warn_unused_result [-Wunused-result]
   fread(&size, 4, 1, fp);
        ^
bam_index.c:371:9: warning: ignoring return value of ‘fread’, declared with attribute warn_unused_result [-Wunused-result]
    fread(&key, 4, 1, fp);
         ^
bam_index.c:375:9: warning: ignoring return value of ‘fread’, declared with attribute warn_unused_result [-Wunused-result]
    fread(&p->n, 4, 1, fp);
         ^
bam_index.c:379:9: warning: ignoring return value of ‘fread’, declared with attribute warn_unused_result [-Wunused-result]
    fread(p->list, 16, p->n, fp);
         ^
bam_index.c:389:8: warning: ignoring return value of ‘fread’, declared with attribute warn_unused_result [-Wunused-result]
   fread(&index2->n, 4, 1, fp);
        ^
bam_index.c:393:8: warning: ignoring return value of ‘fread’, declared with attribute warn_unused_result [-Wunused-result]
   fread(index2->offset, index2->n, 8, fp);
        ^
gcc -c -fPIC -g -Wall  -O2 -D_FILE_OFFSET_BITS=64 -D_LARGEFILE64_SOURCE -D_USE_KNETFILE -D_CURSES_LIB=1 -I. bam_pileup.c -o bam_pileup.o
bam_pileup.c: In function ‘resolve_cigar2’:
bam_pileup.c:75:9: warning: variable ‘is_head’ set but not used [-Wunused-but-set-variable]
  int k, is_head = 0;
         ^
gcc -c -fPIC -g -Wall  -O2 -D_FILE_OFFSET_BITS=64 -D_LARGEFILE64_SOURCE -D_USE_KNETFILE -D_CURSES_LIB=1 -I. razf.c -o razf.o
razf.c: In function ‘razf_flush’:
razf.c:221:8: warning: ignoring return value of ‘write’, declared with attribute warn_unused_result [-Wunused-result]
   write(rz->x.fpw, rz->outbuf, RZ_BUFFER_SIZE - rz->stream->avail_out);
        ^
razf.c:234:9: warning: ignoring return value of ‘write’, declared with attribute warn_unused_result [-Wunused-result]
    write(rz->x.fpw, rz->outbuf, RZ_BUFFER_SIZE - rz->stream->avail_out);
         ^
razf.c: In function ‘_razf_write’:
razf.c:201:8: warning: ignoring return value of ‘write’, declared with attribute warn_unused_result [-Wunused-result]
   write(rz->x.fpw, rz->outbuf, RZ_BUFFER_SIZE - rz->stream->avail_out);
        ^
razf.c: In function ‘razf_close’:
razf.c:804:9: warning: ignoring return value of ‘write’, declared with attribute warn_unused_result [-Wunused-result]
    write(rz->x.fpw, &rz->in, sizeof(int64_t));
         ^
razf.c:805:9: warning: ignoring return value of ‘write’, declared with attribute warn_unused_result [-Wunused-result]
    write(rz->x.fpw, &rz->out, sizeof(int64_t));
         ^
razf.c:808:9: warning: ignoring return value of ‘write’, declared with attribute warn_unused_result [-Wunused-result]
    write(rz->x.fpw, &v64, sizeof(int64_t));
         ^
razf.c:810:9: warning: ignoring return value of ‘write’, declared with attribute warn_unused_result [-Wunused-result]
    write(rz->x.fpw, &v64, sizeof(int64_t));
         ^
razf.c: In function ‘razf_end_flush’:
razf.c:258:9: warning: ignoring return value of ‘write’, declared with attribute warn_unused_result [-Wunused-result]
    write(rz->x.fpw, rz->outbuf, RZ_BUFFER_SIZE - rz->stream->avail_out);
         ^
razf.c: In function ‘save_zindex’:
razf.c:96:17: warning: ignoring return value of ‘write’, declared with attribute warn_unused_result [-Wunused-result]
  if(is_be) write(fd, &rz->index->size, sizeof(int));
                 ^
razf.c:99:8: warning: ignoring return value of ‘write’, declared with attribute warn_unused_result [-Wunused-result]
   write(fd, &v32, sizeof(uint32_t));
        ^
razf.c:106:7: warning: ignoring return value of ‘write’, declared with attribute warn_unused_result [-Wunused-result]
  write(fd, rz->index->bin_offsets, sizeof(int64_t) * v32);
       ^
razf.c:107:7: warning: ignoring return value of ‘write’, declared with attribute warn_unused_result [-Wunused-result]
  write(fd, rz->index->cell_offsets, sizeof(int32_t) * rz->index->size);
       ^
gcc -c -fPIC -g -Wall  -O2 -D_FILE_OFFSET_BITS=64 -D_LARGEFILE64_SOURCE -D_USE_KNETFILE -D_CURSES_LIB=1 -I. faidx.c -o faidx.o
gcc -c -fPIC -g -Wall  -O2 -D_FILE_OFFSET_BITS=64 -D_LARGEFILE64_SOURCE -D_USE_KNETFILE -D_CURSES_LIB=1 -I. knetfile.c -o knetfile.o
In file included from knetfile.c:46:0:
knetfile.c: In function ‘kftp_send_cmd’:
knetfile.h:9:37: warning: ignoring return value of ‘write’, declared with attribute warn_unused_result [-Wunused-result]
 #define netwrite(fd, ptr, len) write(fd, ptr, len)
                                     ^
knetfile.c:236:2: note: in expansion of macro ‘netwrite’
  netwrite(ftp->ctrl_fd, cmd, strlen(cmd));
  ^
knetfile.c: In function ‘khttp_connect_file’:
knetfile.h:9:37: warning: ignoring return value of ‘write’, declared with attribute warn_unused_result [-Wunused-result]
 #define netwrite(fd, ptr, len) write(fd, ptr, len)
                                     ^
knetfile.c:415:2: note: in expansion of macro ‘netwrite’
  netwrite(fp->fd, buf, l);
  ^
gcc -c -fPIC -g -Wall  -O2 -D_FILE_OFFSET_BITS=64 -D_LARGEFILE64_SOURCE -D_USE_KNETFILE -D_CURSES_LIB=1 -I. bam_sort.c -o bam_sort.o
gcc -c -fPIC -g -Wall  -O2 -D_FILE_OFFSET_BITS=64 -D_LARGEFILE64_SOURCE -D_USE_KNETFILE -D_CURSES_LIB=1 -I. sam_header.c -o sam_header.o
gcc -c -fPIC -g -Wall  -O2 -D_FILE_OFFSET_BITS=64 -D_LARGEFILE64_SOURCE -D_USE_KNETFILE -D_CURSES_LIB=1 -I. kprobaln.c -o kprobaln.o
kprobaln.c: In function ‘kpa_glocal’:
kprobaln.c:78:21: warning: variable ‘is_diff’ set but not used [-Wunused-but-set-variable]
  int bw, bw2, i, k, is_diff = 0, is_backward = 1, Pr;
                     ^
gcc -c -fPIC -g -Wall  -O2 -D_FILE_OFFSET_BITS=64 -D_LARGEFILE64_SOURCE -D_USE_KNETFILE -D_CURSES_LIB=1 -I. bam_cat.c -o bam_cat.o
ar -csru libbam.a bgzf.o kstring.o bam_aux.o bam.o bam_import.o sam.o bam_index.o bam_pileup.o bam_lpileup.o bam_md.o razf.o faidx.o bedidx.o knetfile.o bam_sort.o sam_header.o bam_reheader.o kprobaln.o bam_cat.o
make: Leaving directory `/var/www/html/srnalight/JBrowse/samtools-master'
+ export SAMTOOLS=/var/www/html/srnalight/JBrowse/samtools-master
+ SAMTOOLS=/var/www/html/srnalight/JBrowse/samtools-master
+ echo 'samtools in env at '\''/var/www/html/srnalight/JBrowse/samtools-master'\'''
samtools in env at '/var/www/html/srnalight/JBrowse/samtools-master'
+ set +e
+ bin/cpanm -v -l extlib Bio::DB::Sam
cpanm (App::cpanminus) 1.5007 on perl 5.018002 built for x86_64-linux-gnu-thread-multi
Work directory is /home/joel/.cpanm/work/1408854872.10804
You have make /usr/bin/make
You have /usr/bin/wget
You have /bin/tar: tar (GNU tar) 1.27.1
Copyright (C) 2013 Free Software Foundation, Inc.
License GPLv3+: GNU GPL version 3 or later <http://gnu.org/licenses/gpl.html>.
This is free software: you are free to change and redistribute it.
There is NO WARRANTY, to the extent permitted by law.

Written by John Gilmore and Jay Fenlason.
You have /usr/bin/unzip
Searching Bio::DB::Sam on cpanmetadb ...
--2014-08-23 23:34:32--  http://cpanmetadb.plackperl.org/v1.0/package/Bio::DB::Sam
Resolving cpanmetadb.plackperl.org (cpanmetadb.plackperl.org)... 199.27.79.129, 23.235.47.129
Connecting to cpanmetadb.plackperl.org (cpanmetadb.plackperl.org)|199.27.79.129|:80... connected.
HTTP request sent, awaiting response... 200 OK
Length: 62 [text/x-yaml]
Saving to: ‘STDOUT’

     0K                                                       100% 3.76M=0s

2014-08-23 23:34:32 (3.76 MB/s) - written to stdout [62/62]

Checking if you have ExtUtils::MakeMaker 6.31 ... Yes (6.98)
Checking if you have ExtUtils::Install 1.46 ... Yes (1.59)
Bio::DB::Sam is up to date. (1.39)
+ set -e
+ bin/cpanm -v -l extlib Bio::DB::Sam
cpanm (App::cpanminus) 1.5007 on perl 5.018002 built for x86_64-linux-gnu-thread-multi
Work directory is /home/joel/.cpanm/work/1408854873.10811
You have make /usr/bin/make
You have /usr/bin/wget
You have /bin/tar: tar (GNU tar) 1.27.1
Copyright (C) 2013 Free Software Foundation, Inc.
License GPLv3+: GNU GPL version 3 or later <http://gnu.org/licenses/gpl.html>.
This is free software: you are free to change and redistribute it.
There is NO WARRANTY, to the extent permitted by law.

Written by John Gilmore and Jay Fenlason.
You have /usr/bin/unzip
Searching Bio::DB::Sam on cpanmetadb ...
--2014-08-23 23:34:33--  http://cpanmetadb.plackperl.org/v1.0/package/Bio::DB::Sam
Resolving cpanmetadb.plackperl.org (cpanmetadb.plackperl.org)... 199.27.79.129, 23.235.47.129
Connecting to cpanmetadb.plackperl.org (cpanmetadb.plackperl.org)|199.27.79.129|:80... connected.
HTTP request sent, awaiting response... 200 OK
Length: 62 [text/x-yaml]
Saving to: ‘STDOUT’

     0K                                                       100% 5.25M=0s

2014-08-23 23:34:33 (5.25 MB/s) - written to stdout [62/62]

Checking if you have ExtUtils::MakeMaker 6.31 ... Yes (6.98)
Checking if you have ExtUtils::Install 1.46 ... Yes (1.59)
Bio::DB::Sam is up to date. (1.39)
+ bin/bam-to-json.pl --bam docs/tutorial/data_files/volvox-sorted.bam --tracklabel bam_simulated --key 'Legacy BAM - volvox-sorted.bam' --cssClass basic --clientConfig '{"featureCss": "background-color: #66F; height: 8px", "histCss": "background-color: #88F"}' --out sample_data/json/volvox
Perl API version v5.14.0 of Bio::DB::Sam does not match v5.18.0 at /usr/lib/perl/5.18/DynaLoader.pm line 207.
Compilation failed in require at bin/bam-to-json.pl line 74.
BEGIN failed--compilation aborted at bin/bam-to-json.pl line 74.
